inst.eecs.berkeley.edu get /~cs168/fa14 http/1.1 301 250
inst.eecs.berkeley.edu get /~cs168/fa14/ http/1.1 200 273
inst.eecs.berkeley.edu get /~cs168/fa14/content.html http/1.1 200 1569
www.eecs.berkeley.edu get /includes/eecs-images/eecslogo.gif http/1.1 200 828
inst.eecs.berkeley.edu get /~cs168/fa14/images/keycard_a.png http/1.1 200 324
inst.eecs.berkeley.edu get /~cs168/fa14/ http/1.1 200 273
www.eecs.berkeley.edu get /includes/eecs-images/eecslogo.gif http/1.1 200 828
inst.eecs.berkeley.edu get /~cs168/fa14/images/keycard_a.png http/1.1 200 324
inst.eecs.berkeley.edu get /~cs168/fa14/ http/1.1 200 273
inst.eecs.berkeley.edu get /~cs168/fa14/content.html http/1.1 200 1569
www.eecs.berkeley.edu get /includes/eecs-images/eecslogo.gif http/1.1 200 828
inst.eecs.berkeley.edu get /~cs168/fa14/images/keycard_a.png http/1.1 200 324
inst.eecs.berkeley.edu get /~cs168/fa14/ http/1.1 200 273
inst.eecs.berkeley.edu get /~cs168/fa14/content.html http/1.1 200 1569
coolmath.com get / http/1.1 200 -1
coolmath.com get /myfontswebfontskit.css http/1.1 200 1611
coolmath.com get /css/abtest_math-games-1.css http/1.1 200 6407
coolmath.com get /js/vendor/jquery-1.10.2.min.js http/1.1 200 93107
coolmath.com get /js/coolmath-ads.js http/1.1 200 2087
coolmath.com get /css/coolmath-style-20140826.css http/1.1 200 1097
coolmath.com get /images/header_cool-math-newnav-homeside-left-3-algebra.gif http/1.1 200 1979
coolmath.com get /js/coolmath-ga.js http/1.1 200 605
coolmath.com get /images/stinkynbubba_spring.gif http/1.1 200 22169
coolmath.com get /images/game-logo-2048.gif http/1.1 200 3235
coolmath.com get /images/game-logo-crazytaxim12.gif http/1.1 200 1536
coolmath.com get /images/game-logo-fractone.gif http/1.1 200 1370
inst.eecs.berkeley.edu get /~cs168/fa14/ http/1.1 200 273
inst.eecs.berkeley.edu get /~cs168/fa14/content.html http/1.1 200 1569
